<?xml version="1.0" encoding="UTF-8"?>
<testng-results ignored="0" total="1" passed="1" failed="0" skipped="0">
  <reporter-output>
  </reporter-output>
  <suite started-at="2025-05-28T17:48:07 IST" name="Default suite" finished-at="2025-05-28T17:48:15 IST" duration-ms="7948">
    <groups>
    </groups>
    <test started-at="2025-05-28T17:48:07 IST" name="Default test" finished-at="2025-05-28T17:48:15 IST" duration-ms="7948">
      <class name="API.MasterAPI">
        <test-method signature="getEntireProducts()[pri:0, instance:API.MasterAPI@55a147cc]" started-at="2025-05-28T17:48:07 IST" name="getEntireProducts" finished-at="2025-05-28T17:48:15 IST" duration-ms="7840" status="PASS">
          <reporter-output>
          </reporter-output>
        </test-method> <!-- getEntireProducts -->
      </class> <!-- API.MasterAPI -->
    </test> <!-- Default test -->
  </suite> <!-- Default suite -->
</testng-results>
