<?xml version="1.0" encoding="UTF-8"?>
<testng-results ignored="0" total="2" passed="2" failed="0" skipped="0">
  <reporter-output>
  </reporter-output>
  <suite started-at="2025-05-07T14:34:47 IST" name="Default suite" finished-at="2025-05-07T14:35:02 IST" duration-ms="15242">
    <groups>
      <group name="cucumber">
        <method signature="AbstractTestNGCucumberTests.runScenario(io.cucumber.testng.PickleWrapper,io.cucumber.testng.FeatureWrapper)[pri:0, instance:testRunners.LoginTestRunner@5b1669c0]" name="runScenario" class="io.cucumber.testng.AbstractTestNGCucumberTests"/>
      </group> <!-- cucumber -->
    </groups>
    <test started-at="2025-05-07T14:34:47 IST" name="Default test" finished-at="2025-05-07T14:35:02 IST" duration-ms="15242">
      <class name="testRunners.LoginTestRunner">
        <test-method is-config="true" signature="setUpClass(org.testng.ITestContext)[pri:0, instance:testRunners.LoginTestRunner@5b1669c0]" started-at="2025-05-07T14:34:47 IST" name="setUpClass" finished-at="2025-05-07T14:34:48 IST" duration-ms="1036" status="PASS">
          <params>
            <param index="0">
              <value>
                <![CDATA[org.testng.TestRunner@726aa968]]>
              </value>
            </param>
          </params>
          <reporter-output>
          </reporter-output>
        </test-method> <!-- setUpClass -->
        <test-method signature="runScenario(io.cucumber.testng.PickleWrapper,io.cucumber.testng.FeatureWrapper)[pri:0, instance:testRunners.LoginTestRunner@5b1669c0]" started-at="2025-05-07T14:34:48 IST" name="runScenario" description="Runs Cucumber Scenarios" data-provider="scenarios" finished-at="2025-05-07T14:34:55 IST" duration-ms="7148" status="PASS">
          <params>
            <param index="0">
              <value>
                <![CDATA["Login with valid crdentials"]]>
              </value>
            </param>
            <param index="1">
              <value>
                <![CDATA["Login page functinality"]]>
              </value>
            </param>
          </params>
          <reporter-output>
          </reporter-output>
        </test-method> <!-- runScenario -->
        <test-method signature="runScenario(io.cucumber.testng.PickleWrapper,io.cucumber.testng.FeatureWrapper)[pri:0, instance:testRunners.LoginTestRunner@5b1669c0]" started-at="2025-05-07T14:34:55 IST" name="runScenario" description="Runs Cucumber Scenarios" data-provider="scenarios" finished-at="2025-05-07T14:35:02 IST" duration-ms="6900" status="PASS">
          <params>
            <param index="0">
              <value>
                <![CDATA["Login with valid crdentials"]]>
              </value>
            </param>
            <param index="1">
              <value>
                <![CDATA["Login page functinality"]]>
              </value>
            </param>
          </params>
          <reporter-output>
          </reporter-output>
        </test-method> <!-- runScenario -->
        <test-method is-config="true" signature="tearDownClass()[pri:0, instance:testRunners.LoginTestRunner@5b1669c0]" started-at="2025-05-07T14:35:02 IST" name="tearDownClass" finished-at="2025-05-07T14:35:02 IST" duration-ms="80" status="PASS">
          <reporter-output>
          </reporter-output>
        </test-method> <!-- tearDownClass -->
      </class> <!-- testRunners.LoginTestRunner -->
    </test> <!-- Default test -->
  </suite> <!-- Default suite -->
</testng-results>
