<?xml version="1.0" encoding="UTF-8"?>
<testng-results ignored="0" total="4" passed="4" failed="0" skipped="0">
  <reporter-output>
  </reporter-output>
  <suite started-at="2025-05-14T18:17:25 IST" name="Default suite" finished-at="2025-05-14T18:19:24 IST" duration-ms="119438">
    <groups>
      <group name="cucumber">
        <method signature="AbstractTestNGCucumberTests.runScenario(io.cucumber.testng.PickleWrapper,io.cucumber.testng.FeatureWrapper)[pri:0, instance:testRunners.FinancialYearBudgetTestRunner2@5b1669c0]" name="runScenario" class="io.cucumber.testng.AbstractTestNGCucumberTests"/>
      </group> <!-- cucumber -->
    </groups>
    <test started-at="2025-05-14T18:17:25 IST" name="Default test" finished-at="2025-05-14T18:19:24 IST" duration-ms="119438">
      <class name="testRunners.FinancialYearBudgetTestRunner2">
        <test-method is-config="true" signature="setUpClass(org.testng.ITestContext)[pri:0, instance:testRunners.FinancialYearBudgetTestRunner2@5b1669c0]" started-at="2025-05-14T18:17:25 IST" name="setUpClass" finished-at="2025-05-14T18:17:26 IST" duration-ms="981" status="PASS">
          <params>
            <param index="0">
              <value>
                <![CDATA[org.testng.TestRunner@6f5bd362]]>
              </value>
            </param>
          </params>
          <reporter-output>
          </reporter-output>
        </test-method> <!-- setUpClass -->
        <test-method signature="runScenario(io.cucumber.testng.PickleWrapper,io.cucumber.testng.FeatureWrapper)[pri:0, instance:testRunners.FinancialYearBudgetTestRunner2@5b1669c0]" started-at="2025-05-14T18:17:26 IST" name="runScenario" description="Runs Cucumber Scenarios" data-provider="scenarios" finished-at="2025-05-14T18:18:10 IST" duration-ms="44030" status="PASS">
          <params>
            <param index="0">
              <value>
                <![CDATA["Financial year Budget Adding"]]>
              </value>
            </param>
            <param index="1">
              <value>
                <![CDATA["Financial year budget Adding and Approving"]]>
              </value>
            </param>
          </params>
          <reporter-output>
          </reporter-output>
        </test-method> <!-- runScenario -->
        <test-method signature="runScenario(io.cucumber.testng.PickleWrapper,io.cucumber.testng.FeatureWrapper)[pri:0, instance:testRunners.FinancialYearBudgetTestRunner2@5b1669c0]" started-at="2025-05-14T18:18:10 IST" name="runScenario" description="Runs Cucumber Scenarios" data-provider="scenarios" finished-at="2025-05-14T18:18:35 IST" duration-ms="25058" status="PASS">
          <params>
            <param index="0">
              <value>
                <![CDATA["Financial year Budget Approve"]]>
              </value>
            </param>
            <param index="1">
              <value>
                <![CDATA["Financial year budget Adding and Approving"]]>
              </value>
            </param>
          </params>
          <reporter-output>
          </reporter-output>
        </test-method> <!-- runScenario -->
        <test-method signature="runScenario(io.cucumber.testng.PickleWrapper,io.cucumber.testng.FeatureWrapper)[pri:0, instance:testRunners.FinancialYearBudgetTestRunner2@5b1669c0]" started-at="2025-05-14T18:18:35 IST" name="runScenario" description="Runs Cucumber Scenarios" data-provider="scenarios" finished-at="2025-05-14T18:19:02 IST" duration-ms="26351" status="PASS">
          <params>
            <param index="0">
              <value>
                <![CDATA["Print and download the Financial Year Budget"]]>
              </value>
            </param>
            <param index="1">
              <value>
                <![CDATA["Financial year budget Adding and Approving"]]>
              </value>
            </param>
          </params>
          <reporter-output>
          </reporter-output>
        </test-method> <!-- runScenario -->
        <test-method signature="runScenario(io.cucumber.testng.PickleWrapper,io.cucumber.testng.FeatureWrapper)[pri:0, instance:testRunners.FinancialYearBudgetTestRunner2@5b1669c0]" started-at="2025-05-14T18:19:02 IST" name="runScenario" description="Runs Cucumber Scenarios" data-provider="scenarios" finished-at="2025-05-14T18:19:24 IST" duration-ms="22808" status="PASS">
          <params>
            <param index="0">
              <value>
                <![CDATA["Print and download the Financial Year Budget"]]>
              </value>
            </param>
            <param index="1">
              <value>
                <![CDATA["Financial year budget Adding and Approving"]]>
              </value>
            </param>
          </params>
          <reporter-output>
          </reporter-output>
        </test-method> <!-- runScenario -->
        <test-method is-config="true" signature="tearDownClass()[pri:0, instance:testRunners.FinancialYearBudgetTestRunner2@5b1669c0]" started-at="2025-05-14T18:19:24 IST" name="tearDownClass" finished-at="2025-05-14T18:19:24 IST" duration-ms="107" status="PASS">
          <reporter-output>
          </reporter-output>
        </test-method> <!-- tearDownClass -->
      </class> <!-- testRunners.FinancialYearBudgetTestRunner2 -->
    </test> <!-- Default test -->
  </suite> <!-- Default suite -->
</testng-results>
