<?xml version="1.0" encoding="UTF-8"?>
<!-- Generated by org.testng.reporters.JUnitReportReporter -->
<testsuite hostname="LAPTOP-9BFQG462" failures="1" tests="1" name="testRunners.FailedTestRunner" time="17.471" errors="0" timestamp="2025-05-15T12:23:10 IST" skipped="0">
  <testcase classname="testRunners.FailedTestRunner" name="runScenario" time="17.471">
    <failure message="expected [true] but found [false]" type="java.lang.AssertionError">
      <![CDATA[java.lang.AssertionError: expected [true] but found [false]
at org.testng.Assert.fail(Assert.java:111)
at org.testng.Assert.failNotEquals(Assert.java:1578)
at org.testng.Assert.assertTrue(Assert.java:57)
at org.testng.Assert.assertTrue(Assert.java:67)
at stepDefinitions.LoginPageStepDefinations.verifyUrl(LoginPageStepDefinations.java:43)
at ✽.the user signin to application(file:///C:/Users/qq/eclipse-workspace/InTheFormCucum/src/test/java/featureFiles/LoginFeature.feature:9)
]]>
    </failure>
  </testcase> <!-- runScenario -->
</testsuite> <!-- testRunners.FailedTestRunner -->
